<?xml version="1.0" encoding="UTF-8"?>
<testng-results skipped="0" failed="0" ignored="0" total="1" passed="1">
  <reporter-output>
  </reporter-output>
  <suite name="Default suite" duration-ms="28726" started-at="2020-04-16T22:37:32 EDT" finished-at="2020-04-16T22:38:00 EDT">
    <groups>
    </groups>
    <test name="Default test" duration-ms="28726" started-at="2020-04-16T22:37:32 EDT" finished-at="2020-04-16T22:38:00 EDT">
      <class name="Testcases.Murtidarshan">
        <test-method status="PASS" signature="darshan()[pri:0, instance:Testcases.Murtidarshan@5faeada1]" name="darshan" duration-ms="28699" started-at="2020-04-16T22:37:32 EDT" finished-at="2020-04-16T22:38:00 EDT">
          <reporter-output>
          </reporter-output>
        </test-method> <!-- darshan -->
      </class> <!-- Testcases.Murtidarshan -->
    </test> <!-- Default test -->
  </suite> <!-- Default suite -->
</testng-results>
